<?xml version="1.0" encoding="UTF-8"?>
<!-- Generated by org.testng.reporters.JUnitReportReporter -->
<testsuite skipped="0" hostname="DESKTOP-2GAFP9O" name="org.testng.xml.ClassA" tests="2" failures="0" timestamp="09 Oct 2021 18:11:58 GMT" time="0.016" errors="0">
  <testcase name="tc1" time="0.016" classname="org.testng.xml.ClassA"/>
  <testcase name="tc2" time="0.000" classname="org.testng.xml.ClassA"/>
</testsuite> <!-- org.testng.xml.ClassA -->
